<?xml version="1.0" encoding="UTF-8"?>
<testsuite name="SILab2Test" tests="2" skipped="0" failures="0" errors="0" timestamp="2022-05-22T07:16:39" hostname="MIHAIL" time="0.045">
  <properties/>
  <testcase name="testEveryStatement()" classname="SILab2Test" time="0.041"/>
  <testcase name="testEveryBranch()" classname="SILab2Test" time="0.003"/>
  <system-out><![CDATA[]]></system-out>
  <system-err><![CDATA[]]></system-err>
</testsuite>
